Jul 09 14:15:15 JavaBridge ERROR: An exception occured: java.lang.IllegalStateException: read chunked packet length
java.lang.IllegalStateException: read chunked packet length
	at php.java.bridge.http.ChunkedInputStream.readPacketLength(ChunkedInputStream.java:127)
	at php.java.bridge.http.ChunkedInputStream.read(ChunkedInputStream.java:95)
	at php.java.bridge.Parser.read(Parser.java:94)
	at php.java.bridge.Parser.parse(Parser.java:176)
	at php.java.bridge.Request.handleRequest(Request.java:383)
	at php.java.bridge.Request.handleRequests(Request.java:500)
	at php.java.bridge.JavaBridge.handleRequests(JavaBridge.java:150)
	at php.java.bridge.JavaBridgeRunner.doPut(JavaBridgeRunner.java:207)
	at php.java.bridge.http.HttpServer.service(HttpServer.java:289)
	at php.java.bridge.http.HttpServer$Runner.run(HttpServer.java:205)
	at php.java.bridge.ThreadPool$Delegate.run(ThreadPool.java:60)
Jul 09 14:15:15 JavaBridge ERROR: An exception occured: java.lang.IllegalStateException: read chunked packet length
java.lang.IllegalStateException: read chunked packet length
	at php.java.bridge.http.ChunkedInputStream.readPacketLength(ChunkedInputStream.java:127)
	at php.java.bridge.http.ChunkedInputStream.read(ChunkedInputStream.java:95)
	at php.java.bridge.Parser.read(Parser.java:94)
	at php.java.bridge.Parser.parse(Parser.java:176)
	at php.java.bridge.Request.handleRequest(Request.java:383)
	at php.java.bridge.Request.handleRequests(Request.java:500)
	at php.java.bridge.JavaBridge.handleRequests(JavaBridge.java:150)
	at php.java.bridge.JavaBridgeRunner.doPut(JavaBridgeRunner.java:207)
	at php.java.bridge.http.HttpServer.service(HttpServer.java:289)
	at php.java.bridge.http.HttpServer$Runner.run(HttpServer.java:205)
	at php.java.bridge.ThreadPool$Delegate.run(ThreadPool.java:60)
Jul 09 14:15:15 JavaBridge ERROR: An exception occured: java.lang.IllegalStateException: read chunked packet length
java.lang.IllegalStateException: read chunked packet length
	at php.java.bridge.http.ChunkedInputStream.readPacketLength(ChunkedInputStream.java:127)
	at php.java.bridge.http.ChunkedInputStream.read(ChunkedInputStream.java:95)
	at php.java.bridge.Parser.read(Parser.java:94)
	at php.java.bridge.Parser.parse(Parser.java:176)
	at php.java.bridge.Request.handleRequest(Request.java:383)
	at php.java.bridge.Request.handleRequests(Request.java:500)
	at php.java.bridge.JavaBridge.handleRequests(JavaBridge.java:150)
	at php.java.bridge.JavaBridgeRunner.doPut(JavaBridgeRunner.java:207)
	at php.java.bridge.http.HttpServer.service(HttpServer.java:289)
	at php.java.bridge.http.HttpServer$Runner.run(HttpServer.java:205)
	at php.java.bridge.ThreadPool$Delegate.run(ThreadPool.java:60)
Jul 09 14:15:15 JavaBridge ERROR: An exception occured: java.lang.IllegalStateException: read chunked packet length
java.lang.IllegalStateException: read chunked packet length
	at php.java.bridge.http.ChunkedInputStream.readPacketLength(ChunkedInputStream.java:127)
	at php.java.bridge.http.ChunkedInputStream.read(ChunkedInputStream.java:95)
	at php.java.bridge.Parser.read(Parser.java:94)
	at php.java.bridge.Parser.parse(Parser.java:176)
	at php.java.bridge.Request.handleRequest(Request.java:383)
	at php.java.bridge.Request.handleRequests(Request.java:500)
	at php.java.bridge.JavaBridge.handleRequests(JavaBridge.java:150)
	at php.java.bridge.JavaBridgeRunner.doPut(JavaBridgeRunner.java:207)
	at php.java.bridge.http.HttpServer.service(HttpServer.java:289)
	at php.java.bridge.http.HttpServer$Runner.run(HttpServer.java:205)
	at php.java.bridge.ThreadPool$Delegate.run(ThreadPool.java:60)
Jul 09 14:15:34 JavaBridge ERROR: An exception occured: java.lang.IllegalStateException: read chunked packet length
java.lang.IllegalStateException: read chunked packet length
	at php.java.bridge.http.ChunkedInputStream.readPacketLength(ChunkedInputStream.java:127)
	at php.java.bridge.http.ChunkedInputStream.read(ChunkedInputStream.java:95)
	at php.java.bridge.Parser.read(Parser.java:94)
	at php.java.bridge.Parser.parse(Parser.java:176)
	at php.java.bridge.Request.handleRequest(Request.java:383)
	at php.java.bridge.Request.handleRequests(Request.java:500)
	at php.java.bridge.JavaBridge.handleRequests(JavaBridge.java:150)
	at php.java.bridge.JavaBridgeRunner.doPut(JavaBridgeRunner.java:207)
	at php.java.bridge.http.HttpServer.service(HttpServer.java:289)
	at php.java.bridge.http.HttpServer$Runner.run(HttpServer.java:205)
	at php.java.bridge.ThreadPool$Delegate.run(ThreadPool.java:60)
Jul 09 14:15:54 JavaBridge ERROR: An exception occured: java.lang.IllegalStateException: read chunked packet length
java.lang.IllegalStateException: read chunked packet length
	at php.java.bridge.http.ChunkedInputStream.readPacketLength(ChunkedInputStream.java:127)
	at php.java.bridge.http.ChunkedInputStream.read(ChunkedInputStream.java:95)
	at php.java.bridge.Parser.read(Parser.java:94)
	at php.java.bridge.Parser.parse(Parser.java:176)
	at php.java.bridge.Request.handleRequest(Request.java:383)
	at php.java.bridge.Request.handleRequests(Request.java:500)
	at php.java.bridge.JavaBridge.handleRequests(JavaBridge.java:150)
	at php.java.bridge.JavaBridgeRunner.doPut(JavaBridgeRunner.java:207)
	at php.java.bridge.http.HttpServer.service(HttpServer.java:289)
	at php.java.bridge.http.HttpServer$Runner.run(HttpServer.java:205)
	at php.java.bridge.ThreadPool$Delegate.run(ThreadPool.java:60)
Jul 09 14:16:16 JavaBridge ERROR: An exception occured: java.lang.IllegalStateException: read chunked packet length
java.lang.IllegalStateException: read chunked packet length
	at php.java.bridge.http.ChunkedInputStream.readPacketLength(ChunkedInputStream.java:127)
	at php.java.bridge.http.ChunkedInputStream.read(ChunkedInputStream.java:95)
	at php.java.bridge.Parser.read(Parser.java:94)
	at php.java.bridge.Parser.parse(Parser.java:176)
	at php.java.bridge.Request.handleRequest(Request.java:383)
	at php.java.bridge.Request.handleRequests(Request.java:500)
	at php.java.bridge.JavaBridge.handleRequests(JavaBridge.java:150)
	at php.java.bridge.JavaBridgeRunner.doPut(JavaBridgeRunner.java:207)
	at php.java.bridge.http.HttpServer.service(HttpServer.java:289)
	at php.java.bridge.http.HttpServer$Runner.run(HttpServer.java:205)
	at php.java.bridge.ThreadPool$Delegate.run(ThreadPool.java:60)
Jul 09 14:42:59 JavaBridge ERROR: An exception occured: java.lang.IllegalStateException: read chunked packet length
java.lang.IllegalStateException: read chunked packet length
	at php.java.bridge.http.ChunkedInputStream.readPacketLength(ChunkedInputStream.java:127)
	at php.java.bridge.http.ChunkedInputStream.read(ChunkedInputStream.java:95)
	at php.java.bridge.Parser.read(Parser.java:94)
	at php.java.bridge.Parser.parse(Parser.java:176)
	at php.java.bridge.Request.handleRequest(Request.java:383)
	at php.java.bridge.Request.handleRequests(Request.java:500)
	at php.java.bridge.JavaBridge.handleRequests(JavaBridge.java:150)
	at php.java.bridge.JavaBridgeRunner.doPut(JavaBridgeRunner.java:207)
	at php.java.bridge.http.HttpServer.service(HttpServer.java:289)
	at php.java.bridge.http.HttpServer$Runner.run(HttpServer.java:205)
	at php.java.bridge.ThreadPool$Delegate.run(ThreadPool.java:60)
